<?xml version="1.0" encoding="UTF-8"?>
<testng-results ignored="0" total="1" passed="1" failed="0" skipped="0">
  <reporter-output>
  </reporter-output>
  <suite started-at="2023-05-17T02:41:26 IST" name="Default suite" finished-at="2023-05-17T02:41:37 IST" duration-ms="11115">
    <groups>
    </groups>
    <test started-at="2023-05-17T02:41:26 IST" name="Default test" finished-at="2023-05-17T02:41:37 IST" duration-ms="11115">
      <class name="Actions.FewElementDragnDrop">
        <test-method signature="DragnDrop()[pri:0, instance:Actions.FewElementDragnDrop@942a29c]" started-at="2023-05-17T02:41:26 IST" name="DragnDrop" finished-at="2023-05-17T02:41:37 IST" duration-ms="11073" status="PASS">
          <reporter-output>
          </reporter-output>
        </test-method> <!-- DragnDrop -->
      </class> <!-- Actions.FewElementDragnDrop -->
    </test> <!-- Default test -->
  </suite> <!-- Default suite -->
</testng-results>
